-------------------------------------------------------------------------------
Test set: com.github.ktitsbot.jrtb.KtitsTelegramBotApplicationTests
-------------------------------------------------------------------------------
Tests run: 1, Failures: 0, Errors: 1, Skipped: 0, Time elapsed: 0.155 s <<< FAILURE! - in com.github.ktitsbot.jrtb.KtitsTelegramBotApplicationTests
com.github.ktitsbot.jrtb.KtitsTelegramBotApplicationTests  Time elapsed: 0.155 s  <<< ERROR!
java.lang.IllegalStateException: Unable to find a @SpringBootConfiguration, you need to use @ContextConfiguration or @SpringBootTest(classes=...) with your test

